<?xml version="1.0" encoding="UTF-8"?>
<testng-results skipped="0" failed="0" ignored="0" total="1" passed="1">
  <reporter-output>
  </reporter-output>
  <suite name="Default suite" duration-ms="28010" started-at="2019-08-02T06:43:36Z" finished-at="2019-08-02T06:44:04Z">
    <groups>
    </groups>
    <test name="Default test" duration-ms="28010" started-at="2019-08-02T06:43:36Z" finished-at="2019-08-02T06:44:04Z">
      <class name="com.qa.pkg1.Test10">
        <test-method status="PASS" signature="Gmail()[pri:0, instance:com.qa.pkg1.Test10@61832929]" name="Gmail" duration-ms="27956" started-at="2019-08-02T06:43:36Z" finished-at="2019-08-02T06:44:04Z">
          <reporter-output>
          </reporter-output>
        </test-method> <!-- Gmail -->
      </class> <!-- com.qa.pkg1.Test10 -->
    </test> <!-- Default test -->
  </suite> <!-- Default suite -->
</testng-results>
